2023-03-16T13:58:54.311+04:00  INFO 13028 --- [restartedMain] com.rouvsen.SpringBootApp2Application    : Starting SpringBootApp2Application using Java 17.0.6 with PID 13028 (/home/rovshan/Workspace/SpringBootApps/target/classes started by rovshan in /home/rovshan/Workspace/SpringBootApps)
2023-03-16T13:58:54.316+04:00  INFO 13028 --- [restartedMain] com.rouvsen.SpringBootApp2Application    : No active profile set, falling back to 1 default profile: "default"
2023-03-16T13:58:54.351+04:00  INFO 13028 --- [restartedMain] .e.DevToolsPropertyDefaultsPostProcessor : Devtools property defaults active! Set 'spring.devtools.add-properties' to 'false' to disable
2023-03-16T13:58:54.352+04:00  INFO 13028 --- [restartedMain] .e.DevToolsPropertyDefaultsPostProcessor : For additional web related logging consider setting the 'logging.level.web' property to 'DEBUG'
2023-03-16T13:58:54.978+04:00  INFO 13028 --- [restartedMain] .s.d.r.c.RepositoryConfigurationDelegate : Bootstrapping Spring Data JPA repositories in DEFAULT mode.
2023-03-16T13:58:54.993+04:00  INFO 13028 --- [restartedMain] .s.d.r.c.RepositoryConfigurationDelegate : Finished Spring Data repository scanning in 9 ms. Found 0 JPA repository interfaces.
2023-03-16T13:58:55.405+04:00  INFO 13028 --- [restartedMain] o.s.b.w.embedded.tomcat.TomcatWebServer  : Tomcat initialized with port(s): 8080 (http)
2023-03-16T13:58:55.412+04:00  INFO 13028 --- [restartedMain] o.apache.catalina.core.StandardService   : Starting service [Tomcat]
2023-03-16T13:58:55.413+04:00  INFO 13028 --- [restartedMain] o.apache.catalina.core.StandardEngine    : Starting Servlet engine: [Apache Tomcat/10.1.5]
2023-03-16T13:58:55.447+04:00  INFO 13028 --- [restartedMain] o.a.c.c.C.[Tomcat].[localhost].[/]       : Initializing Spring embedded WebApplicationContext
2023-03-16T13:58:55.447+04:00  INFO 13028 --- [restartedMain] w.s.c.ServletWebServerApplicationContext : Root WebApplicationContext: initialization completed in 1095 ms
2023-03-16T13:58:55.514+04:00  INFO 13028 --- [restartedMain] com.zaxxer.hikari.HikariDataSource       : HikariPool-1 - Starting...
2023-03-16T13:58:55.675+04:00  INFO 13028 --- [restartedMain] com.zaxxer.hikari.pool.HikariPool        : HikariPool-1 - Added connection conn0: url=jdbc:h2:file:./memory_persist/testdb user=ROOT
2023-03-16T13:58:55.677+04:00  INFO 13028 --- [restartedMain] com.zaxxer.hikari.HikariDataSource       : HikariPool-1 - Start completed.
2023-03-16T13:58:55.689+04:00  INFO 13028 --- [restartedMain] o.s.b.a.h2.H2ConsoleAutoConfiguration    : H2 console available at '/h2-console'. Database available at 'jdbc:h2:file:./memory_persist/testdb'
2023-03-16T13:58:55.781+04:00  INFO 13028 --- [restartedMain] o.hibernate.jpa.internal.util.LogHelper  : HHH000204: Processing PersistenceUnitInfo [name: default]
2023-03-16T13:58:55.813+04:00  INFO 13028 --- [restartedMain] org.hibernate.Version                    : HHH000412: Hibernate ORM core version 6.1.7.Final
2023-03-16T13:58:55.997+04:00  INFO 13028 --- [restartedMain] SQL dialect                              : HHH000400: Using dialect: org.hibernate.dialect.H2Dialect
2023-03-16T13:58:56.175+04:00  INFO 13028 --- [restartedMain] o.h.e.t.j.p.i.JtaPlatformInitiator       : HHH000490: Using JtaPlatform implementation: [org.hibernate.engine.transaction.jta.platform.internal.NoJtaPlatform]
2023-03-16T13:58:56.181+04:00  INFO 13028 --- [restartedMain] j.LocalContainerEntityManagerFactoryBean : Initialized JPA EntityManagerFactory for persistence unit 'default'
2023-03-16T13:58:56.219+04:00  INFO 13028 --- [restartedMain] com.rouvsen.dto.BeanDto                  : Bean Initial Method, It will be run Before Initial Bean
2023-03-16T13:58:56.255+04:00  WARN 13028 --- [restartedMain] JpaBaseConfiguration$JpaWebConfiguration : spring.jpa.open-in-view is enabled by default. Therefore, database queries may be performed during view rendering. Explicitly configure spring.jpa.open-in-view to disable this warning
2023-03-16T13:58:56.366+04:00  INFO 13028 --- [restartedMain] o.s.b.a.w.s.WelcomePageHandlerMapping    : Adding welcome page template: index
2023-03-16T13:58:56.815+04:00  INFO 13028 --- [restartedMain] o.s.b.d.a.OptionalLiveReloadServer       : LiveReload server is running on port 35729
2023-03-16T13:58:56.820+04:00  INFO 13028 --- [restartedMain] o.s.b.a.e.web.EndpointLinksResolver      : Exposing 1 endpoint(s) beneath base path '/actuator'
2023-03-16T13:58:56.875+04:00  INFO 13028 --- [restartedMain] o.s.b.w.embedded.tomcat.TomcatWebServer  : Tomcat started on port(s): 8080 (http) with context path ''
2023-03-16T13:58:56.887+04:00  INFO 13028 --- [restartedMain] com.rouvsen.SpringBootApp2Application    : Started SpringBootApp2Application in 2.918 seconds (process running for 3.433)
2023-03-16T13:58:57.454+04:00  INFO 13028 --- [RMI TCP Connection(2)-127.0.0.1] o.a.c.c.C.[Tomcat].[localhost].[/]       : Initializing Spring DispatcherServlet 'dispatcherServlet'
2023-03-16T13:58:57.454+04:00  INFO 13028 --- [RMI TCP Connection(2)-127.0.0.1] o.s.web.servlet.DispatcherServlet        : Initializing Servlet 'dispatcherServlet'
2023-03-16T13:58:57.456+04:00  INFO 13028 --- [RMI TCP Connection(2)-127.0.0.1] o.s.web.servlet.DispatcherServlet        : Completed initialization in 1 ms
2023-03-16T13:59:41.021+04:00 ERROR 13028 --- [http-nio-8080-exec-3] com.rouvsen.controller.FormController    : Hata var ...
2023-03-16T13:59:47.644+04:00 ERROR 13028 --- [http-nio-8080-exec-4] com.rouvsen.controller.FormController    : Hata var ...
2023-03-16T14:00:24.348+04:00  INFO 13028 --- [SpringApplicationShutdownHook] com.rouvsen.dto.BeanDto                  : Bean Destroy Method, It will be run After Destroy Bean
2023-03-16T14:00:24.348+04:00  INFO 13028 --- [SpringApplicationShutdownHook] j.LocalContainerEntityManagerFactoryBean : Closing JPA EntityManagerFactory for persistence unit 'default'
2023-03-16T14:00:24.352+04:00  INFO 13028 --- [SpringApplicationShutdownHook] com.zaxxer.hikari.HikariDataSource       : HikariPool-1 - Shutdown initiated...
2023-03-16T14:00:24.353+04:00  INFO 13028 --- [SpringApplicationShutdownHook] com.zaxxer.hikari.HikariDataSource       : HikariPool-1 - Shutdown completed.
2023-03-16T15:26:05.153+04:00  INFO 15143 --- [restartedMain] com.rouvsen.SpringBootApp2Application    : Starting SpringBootApp2Application using Java 17.0.6 with PID 15143 (/home/rovshan/Workspace/SpringBootApps/target/classes started by rovshan in /home/rovshan/Workspace/SpringBootApps)
2023-03-16T15:26:05.155+04:00  INFO 15143 --- [restartedMain] com.rouvsen.SpringBootApp2Application    : No active profile set, falling back to 1 default profile: "default"
2023-03-16T15:26:05.187+04:00  INFO 15143 --- [restartedMain] .e.DevToolsPropertyDefaultsPostProcessor : Devtools property defaults active! Set 'spring.devtools.add-properties' to 'false' to disable
2023-03-16T15:26:05.188+04:00  INFO 15143 --- [restartedMain] .e.DevToolsPropertyDefaultsPostProcessor : For additional web related logging consider setting the 'logging.level.web' property to 'DEBUG'
2023-03-16T15:26:05.627+04:00  INFO 15143 --- [restartedMain] .s.d.r.c.RepositoryConfigurationDelegate : Bootstrapping Spring Data JPA repositories in DEFAULT mode.
2023-03-16T15:26:05.638+04:00  INFO 15143 --- [restartedMain] .s.d.r.c.RepositoryConfigurationDelegate : Finished Spring Data repository scanning in 6 ms. Found 0 JPA repository interfaces.
2023-03-16T15:26:05.923+04:00  INFO 15143 --- [restartedMain] o.s.b.w.embedded.tomcat.TomcatWebServer  : Tomcat initialized with port(s): 8080 (http)
2023-03-16T15:26:05.928+04:00  INFO 15143 --- [restartedMain] o.apache.catalina.core.StandardService   : Starting service [Tomcat]
2023-03-16T15:26:05.929+04:00  INFO 15143 --- [restartedMain] o.apache.catalina.core.StandardEngine    : Starting Servlet engine: [Apache Tomcat/10.1.5]
2023-03-16T15:26:05.953+04:00  INFO 15143 --- [restartedMain] o.a.c.c.C.[Tomcat].[localhost].[/]       : Initializing Spring embedded WebApplicationContext
2023-03-16T15:26:05.954+04:00  INFO 15143 --- [restartedMain] w.s.c.ServletWebServerApplicationContext : Root WebApplicationContext: initialization completed in 766 ms
2023-03-16T15:26:05.996+04:00  INFO 15143 --- [restartedMain] com.zaxxer.hikari.HikariDataSource       : HikariPool-1 - Starting...
2023-03-16T15:26:06.107+04:00  INFO 15143 --- [restartedMain] com.zaxxer.hikari.pool.HikariPool        : HikariPool-1 - Added connection conn0: url=jdbc:h2:file:./memory_persist/testdb user=ROOT
2023-03-16T15:26:06.110+04:00  INFO 15143 --- [restartedMain] com.zaxxer.hikari.HikariDataSource       : HikariPool-1 - Start completed.
2023-03-16T15:26:06.117+04:00  INFO 15143 --- [restartedMain] o.s.b.a.h2.H2ConsoleAutoConfiguration    : H2 console available at '/h2-console'. Database available at 'jdbc:h2:file:./memory_persist/testdb'
2023-03-16T15:26:06.201+04:00  INFO 15143 --- [restartedMain] o.hibernate.jpa.internal.util.LogHelper  : HHH000204: Processing PersistenceUnitInfo [name: default]
2023-03-16T15:26:06.222+04:00  INFO 15143 --- [restartedMain] org.hibernate.Version                    : HHH000412: Hibernate ORM core version 6.1.7.Final
2023-03-16T15:26:06.337+04:00  INFO 15143 --- [restartedMain] SQL dialect                              : HHH000400: Using dialect: org.hibernate.dialect.H2Dialect
2023-03-16T15:26:06.473+04:00  INFO 15143 --- [restartedMain] o.h.e.t.j.p.i.JtaPlatformInitiator       : HHH000490: Using JtaPlatform implementation: [org.hibernate.engine.transaction.jta.platform.internal.NoJtaPlatform]
2023-03-16T15:26:06.478+04:00  INFO 15143 --- [restartedMain] j.LocalContainerEntityManagerFactoryBean : Initialized JPA EntityManagerFactory for persistence unit 'default'
2023-03-16T15:26:06.504+04:00  INFO 15143 --- [restartedMain] com.rouvsen.dto.BeanDto                  : Bean Initial Method, It will be run Before Initial Bean
2023-03-16T15:26:06.531+04:00  WARN 15143 --- [restartedMain] JpaBaseConfiguration$JpaWebConfiguration : spring.jpa.open-in-view is enabled by default. Therefore, database queries may be performed during view rendering. Explicitly configure spring.jpa.open-in-view to disable this warning
2023-03-16T15:26:06.609+04:00  INFO 15143 --- [restartedMain] o.s.b.a.w.s.WelcomePageHandlerMapping    : Adding welcome page template: index
2023-03-16T15:26:06.924+04:00  INFO 15143 --- [restartedMain] o.s.b.d.a.OptionalLiveReloadServer       : LiveReload server is running on port 35729
2023-03-16T15:26:06.927+04:00  INFO 15143 --- [restartedMain] o.s.b.a.e.web.EndpointLinksResolver      : Exposing 1 endpoint(s) beneath base path '/actuator'
2023-03-16T15:26:06.967+04:00  INFO 15143 --- [restartedMain] o.s.b.w.embedded.tomcat.TomcatWebServer  : Tomcat started on port(s): 8080 (http) with context path ''
2023-03-16T15:26:06.976+04:00  INFO 15143 --- [restartedMain] com.rouvsen.SpringBootApp2Application    : Started SpringBootApp2Application in 2.081 seconds (process running for 2.365)
2023-03-16T15:26:07.375+04:00  INFO 15143 --- [RMI TCP Connection(1)-127.0.0.1] o.a.c.c.C.[Tomcat].[localhost].[/]       : Initializing Spring DispatcherServlet 'dispatcherServlet'
2023-03-16T15:26:07.375+04:00  INFO 15143 --- [RMI TCP Connection(1)-127.0.0.1] o.s.web.servlet.DispatcherServlet        : Initializing Servlet 'dispatcherServlet'
2023-03-16T15:26:07.377+04:00  INFO 15143 --- [RMI TCP Connection(1)-127.0.0.1] o.s.web.servlet.DispatcherServlet        : Completed initialization in 2 ms
2023-03-16T15:26:45.840+04:00  INFO 15143 --- [SpringApplicationShutdownHook] com.rouvsen.dto.BeanDto                  : Bean Destroy Method, It will be run After Destroy Bean
2023-03-16T15:26:45.841+04:00  INFO 15143 --- [SpringApplicationShutdownHook] j.LocalContainerEntityManagerFactoryBean : Closing JPA EntityManagerFactory for persistence unit 'default'
2023-03-16T15:26:45.842+04:00  INFO 15143 --- [SpringApplicationShutdownHook] com.zaxxer.hikari.HikariDataSource       : HikariPool-1 - Shutdown initiated...
2023-03-16T15:26:45.844+04:00  INFO 15143 --- [SpringApplicationShutdownHook] com.zaxxer.hikari.HikariDataSource       : HikariPool-1 - Shutdown completed.
2023-03-16T15:32:14.480+04:00  INFO 15396 --- [restartedMain] com.rouvsen.SpringBootApp2Application    : Starting SpringBootApp2Application using Java 17.0.6 with PID 15396 (/home/rovshan/Workspace/SpringBootApps/target/classes started by rovshan in /home/rovshan/Workspace/SpringBootApps)
2023-03-16T15:32:14.482+04:00  INFO 15396 --- [restartedMain] com.rouvsen.SpringBootApp2Application    : No active profile set, falling back to 1 default profile: "default"
2023-03-16T15:32:14.509+04:00  INFO 15396 --- [restartedMain] .e.DevToolsPropertyDefaultsPostProcessor : Devtools property defaults active! Set 'spring.devtools.add-properties' to 'false' to disable
2023-03-16T15:32:14.510+04:00  INFO 15396 --- [restartedMain] .e.DevToolsPropertyDefaultsPostProcessor : For additional web related logging consider setting the 'logging.level.web' property to 'DEBUG'
2023-03-16T15:32:14.920+04:00  INFO 15396 --- [restartedMain] .s.d.r.c.RepositoryConfigurationDelegate : Bootstrapping Spring Data JPA repositories in DEFAULT mode.
2023-03-16T15:32:14.931+04:00  INFO 15396 --- [restartedMain] .s.d.r.c.RepositoryConfigurationDelegate : Finished Spring Data repository scanning in 7 ms. Found 0 JPA repository interfaces.
2023-03-16T15:32:15.222+04:00  INFO 15396 --- [restartedMain] o.s.b.w.embedded.tomcat.TomcatWebServer  : Tomcat initialized with port(s): 8080 (http)
2023-03-16T15:32:15.227+04:00  INFO 15396 --- [restartedMain] o.apache.catalina.core.StandardService   : Starting service [Tomcat]
2023-03-16T15:32:15.228+04:00  INFO 15396 --- [restartedMain] o.apache.catalina.core.StandardEngine    : Starting Servlet engine: [Apache Tomcat/10.1.5]
2023-03-16T15:32:15.252+04:00  INFO 15396 --- [restartedMain] o.a.c.c.C.[Tomcat].[localhost].[/]       : Initializing Spring embedded WebApplicationContext
2023-03-16T15:32:15.253+04:00  INFO 15396 --- [restartedMain] w.s.c.ServletWebServerApplicationContext : Root WebApplicationContext: initialization completed in 743 ms
2023-03-16T15:32:15.299+04:00  INFO 15396 --- [restartedMain] com.zaxxer.hikari.HikariDataSource       : HikariPool-1 - Starting...
2023-03-16T15:32:15.406+04:00  INFO 15396 --- [restartedMain] com.zaxxer.hikari.pool.HikariPool        : HikariPool-1 - Added connection conn0: url=jdbc:h2:file:./memory_persist/testdb user=ROOT
2023-03-16T15:32:15.409+04:00  INFO 15396 --- [restartedMain] com.zaxxer.hikari.HikariDataSource       : HikariPool-1 - Start completed.
2023-03-16T15:32:15.419+04:00  INFO 15396 --- [restartedMain] o.s.b.a.h2.H2ConsoleAutoConfiguration    : H2 console available at '/h2-console'. Database available at 'jdbc:h2:file:./memory_persist/testdb'
2023-03-16T15:32:15.498+04:00  INFO 15396 --- [restartedMain] o.hibernate.jpa.internal.util.LogHelper  : HHH000204: Processing PersistenceUnitInfo [name: default]
2023-03-16T15:32:15.520+04:00  INFO 15396 --- [restartedMain] org.hibernate.Version                    : HHH000412: Hibernate ORM core version 6.1.7.Final
2023-03-16T15:32:15.643+04:00  INFO 15396 --- [restartedMain] SQL dialect                              : HHH000400: Using dialect: org.hibernate.dialect.H2Dialect
2023-03-16T15:32:15.771+04:00  INFO 15396 --- [restartedMain] o.h.e.t.j.p.i.JtaPlatformInitiator       : HHH000490: Using JtaPlatform implementation: [org.hibernate.engine.transaction.jta.platform.internal.NoJtaPlatform]
2023-03-16T15:32:15.776+04:00  INFO 15396 --- [restartedMain] j.LocalContainerEntityManagerFactoryBean : Initialized JPA EntityManagerFactory for persistence unit 'default'
2023-03-16T15:32:15.804+04:00  INFO 15396 --- [restartedMain] com.rouvsen.dto.BeanDto                  : Bean Initial Method, It will be run Before Initial Bean
2023-03-16T15:32:15.827+04:00  WARN 15396 --- [restartedMain] JpaBaseConfiguration$JpaWebConfiguration : spring.jpa.open-in-view is enabled by default. Therefore, database queries may be performed during view rendering. Explicitly configure spring.jpa.open-in-view to disable this warning
2023-03-16T15:32:15.902+04:00  INFO 15396 --- [restartedMain] o.s.b.a.w.s.WelcomePageHandlerMapping    : Adding welcome page template: index
2023-03-16T15:32:16.219+04:00  INFO 15396 --- [restartedMain] o.s.b.d.a.OptionalLiveReloadServer       : LiveReload server is running on port 35729
2023-03-16T15:32:16.223+04:00  INFO 15396 --- [restartedMain] o.s.b.a.e.web.EndpointLinksResolver      : Exposing 1 endpoint(s) beneath base path '/actuator'
2023-03-16T15:32:16.266+04:00  INFO 15396 --- [restartedMain] o.s.b.w.embedded.tomcat.TomcatWebServer  : Tomcat started on port(s): 8080 (http) with context path ''
2023-03-16T15:32:16.276+04:00  INFO 15396 --- [restartedMain] com.rouvsen.SpringBootApp2Application    : Started SpringBootApp2Application in 2.033 seconds (process running for 2.345)
2023-03-16T15:32:16.676+04:00  INFO 15396 --- [RMI TCP Connection(3)-127.0.0.1] o.a.c.c.C.[Tomcat].[localhost].[/]       : Initializing Spring DispatcherServlet 'dispatcherServlet'
2023-03-16T15:32:16.677+04:00  INFO 15396 --- [RMI TCP Connection(3)-127.0.0.1] o.s.web.servlet.DispatcherServlet        : Initializing Servlet 'dispatcherServlet'
2023-03-16T15:32:16.677+04:00  INFO 15396 --- [RMI TCP Connection(3)-127.0.0.1] o.s.web.servlet.DispatcherServlet        : Completed initialization in 0 ms
2023-03-16T15:37:21.318+04:00  INFO 15396 --- [SpringApplicationShutdownHook] com.rouvsen.dto.BeanDto                  : Bean Destroy Method, It will be run After Destroy Bean
2023-03-16T15:37:21.319+04:00  INFO 15396 --- [SpringApplicationShutdownHook] j.LocalContainerEntityManagerFactoryBean : Closing JPA EntityManagerFactory for persistence unit 'default'
2023-03-16T15:37:21.321+04:00  INFO 15396 --- [SpringApplicationShutdownHook] com.zaxxer.hikari.HikariDataSource       : HikariPool-1 - Shutdown initiated...
2023-03-16T15:37:21.322+04:00  INFO 15396 --- [SpringApplicationShutdownHook] com.zaxxer.hikari.HikariDataSource       : HikariPool-1 - Shutdown completed.
2023-03-16T15:37:23.090+04:00  INFO 15672 --- [restartedMain] com.rouvsen.SpringBootApp2Application    : Starting SpringBootApp2Application using Java 17.0.6 with PID 15672 (/home/rovshan/Workspace/SpringBootApps/target/classes started by rovshan in /home/rovshan/Workspace/SpringBootApps)
2023-03-16T15:37:23.092+04:00  INFO 15672 --- [restartedMain] com.rouvsen.SpringBootApp2Application    : No active profile set, falling back to 1 default profile: "default"
2023-03-16T15:37:23.128+04:00  INFO 15672 --- [restartedMain] .e.DevToolsPropertyDefaultsPostProcessor : Devtools property defaults active! Set 'spring.devtools.add-properties' to 'false' to disable
2023-03-16T15:37:23.128+04:00  INFO 15672 --- [restartedMain] .e.DevToolsPropertyDefaultsPostProcessor : For additional web related logging consider setting the 'logging.level.web' property to 'DEBUG'
2023-03-16T15:37:23.600+04:00  INFO 15672 --- [restartedMain] .s.d.r.c.RepositoryConfigurationDelegate : Bootstrapping Spring Data JPA repositories in DEFAULT mode.
2023-03-16T15:37:23.612+04:00  INFO 15672 --- [restartedMain] .s.d.r.c.RepositoryConfigurationDelegate : Finished Spring Data repository scanning in 7 ms. Found 0 JPA repository interfaces.
2023-03-16T15:37:23.899+04:00  INFO 15672 --- [restartedMain] o.s.b.w.embedded.tomcat.TomcatWebServer  : Tomcat initialized with port(s): 8080 (http)
2023-03-16T15:37:23.905+04:00  INFO 15672 --- [restartedMain] o.apache.catalina.core.StandardService   : Starting service [Tomcat]
2023-03-16T15:37:23.905+04:00  INFO 15672 --- [restartedMain] o.apache.catalina.core.StandardEngine    : Starting Servlet engine: [Apache Tomcat/10.1.5]
2023-03-16T15:37:23.931+04:00  INFO 15672 --- [restartedMain] o.a.c.c.C.[Tomcat].[localhost].[/]       : Initializing Spring embedded WebApplicationContext
2023-03-16T15:37:23.931+04:00  INFO 15672 --- [restartedMain] w.s.c.ServletWebServerApplicationContext : Root WebApplicationContext: initialization completed in 802 ms
2023-03-16T15:37:23.974+04:00  INFO 15672 --- [restartedMain] com.zaxxer.hikari.HikariDataSource       : HikariPool-1 - Starting...
2023-03-16T15:37:24.093+04:00  INFO 15672 --- [restartedMain] com.zaxxer.hikari.pool.HikariPool        : HikariPool-1 - Added connection conn0: url=jdbc:h2:file:./memory_persist/testdb user=ROOT
2023-03-16T15:37:24.096+04:00  INFO 15672 --- [restartedMain] com.zaxxer.hikari.HikariDataSource       : HikariPool-1 - Start completed.
2023-03-16T15:37:24.104+04:00  INFO 15672 --- [restartedMain] o.s.b.a.h2.H2ConsoleAutoConfiguration    : H2 console available at '/h2-console'. Database available at 'jdbc:h2:file:./memory_persist/testdb'
2023-03-16T15:37:24.191+04:00  INFO 15672 --- [restartedMain] o.hibernate.jpa.internal.util.LogHelper  : HHH000204: Processing PersistenceUnitInfo [name: default]
2023-03-16T15:37:24.212+04:00  INFO 15672 --- [restartedMain] org.hibernate.Version                    : HHH000412: Hibernate ORM core version 6.1.7.Final
2023-03-16T15:37:24.342+04:00  INFO 15672 --- [restartedMain] SQL dialect                              : HHH000400: Using dialect: org.hibernate.dialect.H2Dialect
2023-03-16T15:37:24.472+04:00  INFO 15672 --- [restartedMain] o.h.e.t.j.p.i.JtaPlatformInitiator       : HHH000490: Using JtaPlatform implementation: [org.hibernate.engine.transaction.jta.platform.internal.NoJtaPlatform]
2023-03-16T15:37:24.477+04:00  INFO 15672 --- [restartedMain] j.LocalContainerEntityManagerFactoryBean : Initialized JPA EntityManagerFactory for persistence unit 'default'
2023-03-16T15:37:24.505+04:00  INFO 15672 --- [restartedMain] com.rouvsen.dto.BeanDto                  : Bean Initial Method, It will be run Before Initial Bean
2023-03-16T15:37:24.531+04:00  WARN 15672 --- [restartedMain] JpaBaseConfiguration$JpaWebConfiguration : spring.jpa.open-in-view is enabled by default. Therefore, database queries may be performed during view rendering. Explicitly configure spring.jpa.open-in-view to disable this warning
2023-03-16T15:37:24.615+04:00  INFO 15672 --- [restartedMain] o.s.b.a.w.s.WelcomePageHandlerMapping    : Adding welcome page template: index
2023-03-16T15:37:24.908+04:00  INFO 15672 --- [restartedMain] o.s.b.d.a.OptionalLiveReloadServer       : LiveReload server is running on port 35729
2023-03-16T15:37:24.911+04:00  INFO 15672 --- [restartedMain] o.s.b.a.e.web.EndpointLinksResolver      : Exposing 1 endpoint(s) beneath base path '/actuator'
2023-03-16T15:37:24.951+04:00  INFO 15672 --- [restartedMain] o.s.b.w.embedded.tomcat.TomcatWebServer  : Tomcat started on port(s): 8080 (http) with context path ''
2023-03-16T15:37:24.960+04:00  INFO 15672 --- [restartedMain] com.rouvsen.SpringBootApp2Application    : Started SpringBootApp2Application in 2.221 seconds (process running for 2.524)
2023-03-16T15:37:25.088+04:00  INFO 15672 --- [RMI TCP Connection(2)-127.0.0.1] o.a.c.c.C.[Tomcat].[localhost].[/]       : Initializing Spring DispatcherServlet 'dispatcherServlet'
2023-03-16T15:37:25.088+04:00  INFO 15672 --- [RMI TCP Connection(2)-127.0.0.1] o.s.web.servlet.DispatcherServlet        : Initializing Servlet 'dispatcherServlet'
2023-03-16T15:37:25.089+04:00  INFO 15672 --- [RMI TCP Connection(2)-127.0.0.1] o.s.web.servlet.DispatcherServlet        : Completed initialization in 1 ms
2023-03-16T15:37:36.942+04:00 ERROR 15672 --- [http-nio-8080-exec-2] com.rouvsen.controller.FormController    : Hata var ...
2023-03-16T15:39:14.086+04:00  INFO 15672 --- [SpringApplicationShutdownHook] com.rouvsen.dto.BeanDto                  : Bean Destroy Method, It will be run After Destroy Bean
2023-03-16T15:39:14.087+04:00  INFO 15672 --- [SpringApplicationShutdownHook] j.LocalContainerEntityManagerFactoryBean : Closing JPA EntityManagerFactory for persistence unit 'default'
2023-03-16T15:39:14.088+04:00  INFO 15672 --- [SpringApplicationShutdownHook] com.zaxxer.hikari.HikariDataSource       : HikariPool-1 - Shutdown initiated...
2023-03-16T15:39:14.090+04:00  INFO 15672 --- [SpringApplicationShutdownHook] com.zaxxer.hikari.HikariDataSource       : HikariPool-1 - Shutdown completed.
2023-03-16T15:39:16.666+04:00  INFO 15934 --- [restartedMain] com.rouvsen.SpringBootApp2Application    : Starting SpringBootApp2Application using Java 17.0.6 with PID 15934 (/home/rovshan/Workspace/SpringBootApps/target/classes started by rovshan in /home/rovshan/Workspace/SpringBootApps)
2023-03-16T15:39:16.668+04:00  INFO 15934 --- [restartedMain] com.rouvsen.SpringBootApp2Application    : No active profile set, falling back to 1 default profile: "default"
2023-03-16T15:39:16.693+04:00  INFO 15934 --- [restartedMain] .e.DevToolsPropertyDefaultsPostProcessor : Devtools property defaults active! Set 'spring.devtools.add-properties' to 'false' to disable
2023-03-16T15:39:16.693+04:00  INFO 15934 --- [restartedMain] .e.DevToolsPropertyDefaultsPostProcessor : For additional web related logging consider setting the 'logging.level.web' property to 'DEBUG'
2023-03-16T15:39:17.109+04:00  INFO 15934 --- [restartedMain] .s.d.r.c.RepositoryConfigurationDelegate : Bootstrapping Spring Data JPA repositories in DEFAULT mode.
2023-03-16T15:39:17.120+04:00  INFO 15934 --- [restartedMain] .s.d.r.c.RepositoryConfigurationDelegate : Finished Spring Data repository scanning in 7 ms. Found 0 JPA repository interfaces.
2023-03-16T15:39:17.417+04:00  INFO 15934 --- [restartedMain] o.s.b.w.embedded.tomcat.TomcatWebServer  : Tomcat initialized with port(s): 8080 (http)
2023-03-16T15:39:17.422+04:00  INFO 15934 --- [restartedMain] o.apache.catalina.core.StandardService   : Starting service [Tomcat]
2023-03-16T15:39:17.423+04:00  INFO 15934 --- [restartedMain] o.apache.catalina.core.StandardEngine    : Starting Servlet engine: [Apache Tomcat/10.1.5]
2023-03-16T15:39:17.450+04:00  INFO 15934 --- [restartedMain] o.a.c.c.C.[Tomcat].[localhost].[/]       : Initializing Spring embedded WebApplicationContext
2023-03-16T15:39:17.450+04:00  INFO 15934 --- [restartedMain] w.s.c.ServletWebServerApplicationContext : Root WebApplicationContext: initialization completed in 756 ms
2023-03-16T15:39:17.495+04:00  INFO 15934 --- [restartedMain] com.zaxxer.hikari.HikariDataSource       : HikariPool-1 - Starting...
2023-03-16T15:39:17.601+04:00  INFO 15934 --- [restartedMain] com.zaxxer.hikari.pool.HikariPool        : HikariPool-1 - Added connection conn0: url=jdbc:h2:file:./memory_persist/testdb user=ROOT
2023-03-16T15:39:17.606+04:00  INFO 15934 --- [restartedMain] com.zaxxer.hikari.HikariDataSource       : HikariPool-1 - Start completed.
2023-03-16T15:39:17.617+04:00  INFO 15934 --- [restartedMain] o.s.b.a.h2.H2ConsoleAutoConfiguration    : H2 console available at '/h2-console'. Database available at 'jdbc:h2:file:./memory_persist/testdb'
2023-03-16T15:39:17.705+04:00  INFO 15934 --- [restartedMain] o.hibernate.jpa.internal.util.LogHelper  : HHH000204: Processing PersistenceUnitInfo [name: default]
2023-03-16T15:39:17.725+04:00  INFO 15934 --- [restartedMain] org.hibernate.Version                    : HHH000412: Hibernate ORM core version 6.1.7.Final
2023-03-16T15:39:17.842+04:00  INFO 15934 --- [restartedMain] SQL dialect                              : HHH000400: Using dialect: org.hibernate.dialect.H2Dialect
2023-03-16T15:39:17.969+04:00  INFO 15934 --- [restartedMain] o.h.e.t.j.p.i.JtaPlatformInitiator       : HHH000490: Using JtaPlatform implementation: [org.hibernate.engine.transaction.jta.platform.internal.NoJtaPlatform]
2023-03-16T15:39:17.974+04:00  INFO 15934 --- [restartedMain] j.LocalContainerEntityManagerFactoryBean : Initialized JPA EntityManagerFactory for persistence unit 'default'
2023-03-16T15:39:18.000+04:00  INFO 15934 --- [restartedMain] com.rouvsen.dto.BeanDto                  : Bean Initial Method, It will be run Before Initial Bean
2023-03-16T15:39:18.024+04:00  WARN 15934 --- [restartedMain] JpaBaseConfiguration$JpaWebConfiguration : spring.jpa.open-in-view is enabled by default. Therefore, database queries may be performed during view rendering. Explicitly configure spring.jpa.open-in-view to disable this warning
2023-03-16T15:39:18.103+04:00  INFO 15934 --- [restartedMain] o.s.b.a.w.s.WelcomePageHandlerMapping    : Adding welcome page template: index
2023-03-16T15:39:18.403+04:00  INFO 15934 --- [restartedMain] o.s.b.d.a.OptionalLiveReloadServer       : LiveReload server is running on port 35729
2023-03-16T15:39:18.407+04:00  INFO 15934 --- [restartedMain] o.s.b.a.e.web.EndpointLinksResolver      : Exposing 1 endpoint(s) beneath base path '/actuator'
2023-03-16T15:39:18.453+04:00  INFO 15934 --- [restartedMain] o.s.b.w.embedded.tomcat.TomcatWebServer  : Tomcat started on port(s): 8080 (http) with context path ''
2023-03-16T15:39:18.463+04:00  INFO 15934 --- [restartedMain] com.rouvsen.SpringBootApp2Application    : Started SpringBootApp2Application in 2.052 seconds (process running for 2.321)
2023-03-16T15:39:18.917+04:00  INFO 15934 --- [RMI TCP Connection(1)-127.0.0.1] o.a.c.c.C.[Tomcat].[localhost].[/]       : Initializing Spring DispatcherServlet 'dispatcherServlet'
2023-03-16T15:39:18.918+04:00  INFO 15934 --- [RMI TCP Connection(1)-127.0.0.1] o.s.web.servlet.DispatcherServlet        : Initializing Servlet 'dispatcherServlet'
2023-03-16T15:39:18.918+04:00  INFO 15934 --- [RMI TCP Connection(1)-127.0.0.1] o.s.web.servlet.DispatcherServlet        : Completed initialization in 0 ms
2023-03-16T15:39:27.454+04:00 ERROR 15934 --- [http-nio-8080-exec-2] com.rouvsen.controller.FormController    : Hata var ...
2023-03-16T15:39:55.055+04:00  INFO 15934 --- [SpringApplicationShutdownHook] com.rouvsen.dto.BeanDto                  : Bean Destroy Method, It will be run After Destroy Bean
2023-03-16T15:39:55.055+04:00  INFO 15934 --- [SpringApplicationShutdownHook] j.LocalContainerEntityManagerFactoryBean : Closing JPA EntityManagerFactory for persistence unit 'default'
2023-03-16T15:39:55.058+04:00  INFO 15934 --- [SpringApplicationShutdownHook] com.zaxxer.hikari.HikariDataSource       : HikariPool-1 - Shutdown initiated...
2023-03-16T15:39:55.059+04:00  INFO 15934 --- [SpringApplicationShutdownHook] com.zaxxer.hikari.HikariDataSource       : HikariPool-1 - Shutdown completed.
2023-03-16T15:53:39.366+04:00  INFO 16672 --- [restartedMain] com.rouvsen.SpringBootApp2Application    : Starting SpringBootApp2Application using Java 17.0.6 with PID 16672 (/home/rovshan/Workspace/SpringBootApps/target/classes started by rovshan in /home/rovshan/Workspace/SpringBootApps)
2023-03-16T15:53:39.367+04:00  INFO 16672 --- [restartedMain] com.rouvsen.SpringBootApp2Application    : No active profile set, falling back to 1 default profile: "default"
2023-03-16T15:53:39.389+04:00  INFO 16672 --- [restartedMain] .e.DevToolsPropertyDefaultsPostProcessor : Devtools property defaults active! Set 'spring.devtools.add-properties' to 'false' to disable
2023-03-16T15:53:39.389+04:00  INFO 16672 --- [restartedMain] .e.DevToolsPropertyDefaultsPostProcessor : For additional web related logging consider setting the 'logging.level.web' property to 'DEBUG'
2023-03-16T15:53:39.798+04:00  INFO 16672 --- [restartedMain] .s.d.r.c.RepositoryConfigurationDelegate : Bootstrapping Spring Data JPA repositories in DEFAULT mode.
2023-03-16T15:53:39.809+04:00  INFO 16672 --- [restartedMain] .s.d.r.c.RepositoryConfigurationDelegate : Finished Spring Data repository scanning in 7 ms. Found 0 JPA repository interfaces.
2023-03-16T15:53:40.100+04:00  INFO 16672 --- [restartedMain] o.s.b.w.embedded.tomcat.TomcatWebServer  : Tomcat initialized with port(s): 8080 (http)
2023-03-16T15:53:40.105+04:00  INFO 16672 --- [restartedMain] o.apache.catalina.core.StandardService   : Starting service [Tomcat]
2023-03-16T15:53:40.106+04:00  INFO 16672 --- [restartedMain] o.apache.catalina.core.StandardEngine    : Starting Servlet engine: [Apache Tomcat/10.1.5]
2023-03-16T15:53:40.131+04:00  INFO 16672 --- [restartedMain] o.a.c.c.C.[Tomcat].[localhost].[/]       : Initializing Spring embedded WebApplicationContext
2023-03-16T15:53:40.131+04:00  INFO 16672 --- [restartedMain] w.s.c.ServletWebServerApplicationContext : Root WebApplicationContext: initialization completed in 741 ms
2023-03-16T15:53:40.179+04:00  INFO 16672 --- [restartedMain] com.zaxxer.hikari.HikariDataSource       : HikariPool-1 - Starting...
2023-03-16T15:53:40.288+04:00  INFO 16672 --- [restartedMain] com.zaxxer.hikari.pool.HikariPool        : HikariPool-1 - Added connection conn0: url=jdbc:h2:file:./memory_persist/testdb user=ROOT
2023-03-16T15:53:40.292+04:00  INFO 16672 --- [restartedMain] com.zaxxer.hikari.HikariDataSource       : HikariPool-1 - Start completed.
2023-03-16T15:53:40.299+04:00  INFO 16672 --- [restartedMain] o.s.b.a.h2.H2ConsoleAutoConfiguration    : H2 console available at '/h2-console'. Database available at 'jdbc:h2:file:./memory_persist/testdb'
2023-03-16T15:53:40.373+04:00  INFO 16672 --- [restartedMain] o.hibernate.jpa.internal.util.LogHelper  : HHH000204: Processing PersistenceUnitInfo [name: default]
2023-03-16T15:53:40.394+04:00  INFO 16672 --- [restartedMain] org.hibernate.Version                    : HHH000412: Hibernate ORM core version 6.1.7.Final
2023-03-16T15:53:40.515+04:00  INFO 16672 --- [restartedMain] SQL dialect                              : HHH000400: Using dialect: org.hibernate.dialect.H2Dialect
2023-03-16T15:53:40.649+04:00  INFO 16672 --- [restartedMain] o.h.e.t.j.p.i.JtaPlatformInitiator       : HHH000490: Using JtaPlatform implementation: [org.hibernate.engine.transaction.jta.platform.internal.NoJtaPlatform]
2023-03-16T15:53:40.654+04:00  INFO 16672 --- [restartedMain] j.LocalContainerEntityManagerFactoryBean : Initialized JPA EntityManagerFactory for persistence unit 'default'
2023-03-16T15:53:40.681+04:00  INFO 16672 --- [restartedMain] com.rouvsen.dto.BeanDto                  : Bean Initial Method, It will be run Before Initial Bean
2023-03-16T15:53:40.703+04:00  WARN 16672 --- [restartedMain] JpaBaseConfiguration$JpaWebConfiguration : spring.jpa.open-in-view is enabled by default. Therefore, database queries may be performed during view rendering. Explicitly configure spring.jpa.open-in-view to disable this warning
2023-03-16T15:53:40.801+04:00  INFO 16672 --- [restartedMain] o.s.b.a.w.s.WelcomePageHandlerMapping    : Adding welcome page template: index
2023-03-16T15:53:41.134+04:00  INFO 16672 --- [restartedMain] o.s.b.d.a.OptionalLiveReloadServer       : LiveReload server is running on port 35729
2023-03-16T15:53:41.137+04:00  INFO 16672 --- [restartedMain] o.s.b.a.e.web.EndpointLinksResolver      : Exposing 1 endpoint(s) beneath base path '/actuator'
2023-03-16T15:53:41.177+04:00  INFO 16672 --- [restartedMain] o.s.b.w.embedded.tomcat.TomcatWebServer  : Tomcat started on port(s): 8080 (http) with context path ''
2023-03-16T15:53:41.187+04:00  INFO 16672 --- [restartedMain] com.rouvsen.SpringBootApp2Application    : Started SpringBootApp2Application in 2.078 seconds (process running for 2.386)
2023-03-16T15:53:41.475+04:00  INFO 16672 --- [RMI TCP Connection(1)-127.0.0.1] o.a.c.c.C.[Tomcat].[localhost].[/]       : Initializing Spring DispatcherServlet 'dispatcherServlet'
2023-03-16T15:53:41.475+04:00  INFO 16672 --- [RMI TCP Connection(1)-127.0.0.1] o.s.web.servlet.DispatcherServlet        : Initializing Servlet 'dispatcherServlet'
2023-03-16T15:53:41.476+04:00  INFO 16672 --- [RMI TCP Connection(1)-127.0.0.1] o.s.web.servlet.DispatcherServlet        : Completed initialization in 1 ms
2023-03-16T15:53:50.291+04:00 ERROR 16672 --- [http-nio-8080-exec-2] com.rouvsen.controller.FormController    : Hata var ...
2023-03-16T15:54:03.973+04:00 ERROR 16672 --- [http-nio-8080-exec-1] com.rouvsen.controller.FormController    : Hata var ...
2023-03-16T15:54:49.870+04:00 ERROR 16672 --- [http-nio-8080-exec-3] com.rouvsen.controller.FormController    : Hata var ...
2023-03-16T15:55:03.452+04:00 ERROR 16672 --- [http-nio-8080-exec-5] com.rouvsen.controller.FormController    : Hata var ...
2023-03-16T15:55:10.826+04:00 ERROR 16672 --- [http-nio-8080-exec-6] com.rouvsen.controller.FormController    : Hata var ...
2023-03-16T15:55:32.578+04:00 ERROR 16672 --- [http-nio-8080-exec-7] com.rouvsen.controller.FormController    : Hata var ...
2023-03-16T16:03:31.452+04:00  INFO 16672 --- [SpringApplicationShutdownHook] com.rouvsen.dto.BeanDto                  : Bean Destroy Method, It will be run After Destroy Bean
2023-03-16T16:03:31.453+04:00  INFO 16672 --- [SpringApplicationShutdownHook] j.LocalContainerEntityManagerFactoryBean : Closing JPA EntityManagerFactory for persistence unit 'default'
2023-03-16T16:03:31.456+04:00  INFO 16672 --- [SpringApplicationShutdownHook] com.zaxxer.hikari.HikariDataSource       : HikariPool-1 - Shutdown initiated...
2023-03-16T16:03:31.457+04:00  INFO 16672 --- [SpringApplicationShutdownHook] com.zaxxer.hikari.HikariDataSource       : HikariPool-1 - Shutdown completed.
2023-03-16T16:04:09.779+04:00  INFO 17036 --- [restartedMain] com.rouvsen.SpringBootApp2Application    : Starting SpringBootApp2Application using Java 17.0.6 with PID 17036 (/home/rovshan/Workspace/SpringBootApps/target/classes started by rovshan in /home/rovshan/Workspace/SpringBootApps)
2023-03-16T16:04:09.781+04:00  INFO 17036 --- [restartedMain] com.rouvsen.SpringBootApp2Application    : No active profile set, falling back to 1 default profile: "default"
2023-03-16T16:04:09.817+04:00  INFO 17036 --- [restartedMain] .e.DevToolsPropertyDefaultsPostProcessor : Devtools property defaults active! Set 'spring.devtools.add-properties' to 'false' to disable
2023-03-16T16:04:09.817+04:00  INFO 17036 --- [restartedMain] .e.DevToolsPropertyDefaultsPostProcessor : For additional web related logging consider setting the 'logging.level.web' property to 'DEBUG'
2023-03-16T16:04:10.420+04:00  INFO 17036 --- [restartedMain] .s.d.r.c.RepositoryConfigurationDelegate : Bootstrapping Spring Data JPA repositories in DEFAULT mode.
2023-03-16T16:04:10.433+04:00  INFO 17036 --- [restartedMain] .s.d.r.c.RepositoryConfigurationDelegate : Finished Spring Data repository scanning in 8 ms. Found 0 JPA repository interfaces.
2023-03-16T16:04:10.823+04:00  INFO 17036 --- [restartedMain] o.s.b.w.embedded.tomcat.TomcatWebServer  : Tomcat initialized with port(s): 8080 (http)
2023-03-16T16:04:10.829+04:00  INFO 17036 --- [restartedMain] o.apache.catalina.core.StandardService   : Starting service [Tomcat]
2023-03-16T16:04:10.829+04:00  INFO 17036 --- [restartedMain] o.apache.catalina.core.StandardEngine    : Starting Servlet engine: [Apache Tomcat/10.1.5]
2023-03-16T16:04:10.866+04:00  INFO 17036 --- [restartedMain] o.a.c.c.C.[Tomcat].[localhost].[/]       : Initializing Spring embedded WebApplicationContext
2023-03-16T16:04:10.867+04:00  INFO 17036 --- [restartedMain] w.s.c.ServletWebServerApplicationContext : Root WebApplicationContext: initialization completed in 1050 ms
2023-03-16T16:04:10.926+04:00  INFO 17036 --- [restartedMain] com.zaxxer.hikari.HikariDataSource       : HikariPool-1 - Starting...
2023-03-16T16:04:11.068+04:00  INFO 17036 --- [restartedMain] com.zaxxer.hikari.pool.HikariPool        : HikariPool-1 - Added connection conn0: url=jdbc:h2:file:./memory_persist/testdb user=ROOT
2023-03-16T16:04:11.075+04:00  INFO 17036 --- [restartedMain] com.zaxxer.hikari.HikariDataSource       : HikariPool-1 - Start completed.
2023-03-16T16:04:11.086+04:00  INFO 17036 --- [restartedMain] o.s.b.a.h2.H2ConsoleAutoConfiguration    : H2 console available at '/h2-console'. Database available at 'jdbc:h2:file:./memory_persist/testdb'
2023-03-16T16:04:11.203+04:00  INFO 17036 --- [restartedMain] o.hibernate.jpa.internal.util.LogHelper  : HHH000204: Processing PersistenceUnitInfo [name: default]
2023-03-16T16:04:11.235+04:00  INFO 17036 --- [restartedMain] org.hibernate.Version                    : HHH000412: Hibernate ORM core version 6.1.7.Final
2023-03-16T16:04:11.422+04:00  INFO 17036 --- [restartedMain] SQL dialect                              : HHH000400: Using dialect: org.hibernate.dialect.H2Dialect
2023-03-16T16:04:11.626+04:00  INFO 17036 --- [restartedMain] o.h.e.t.j.p.i.JtaPlatformInitiator       : HHH000490: Using JtaPlatform implementation: [org.hibernate.engine.transaction.jta.platform.internal.NoJtaPlatform]
2023-03-16T16:04:11.633+04:00  INFO 17036 --- [restartedMain] j.LocalContainerEntityManagerFactoryBean : Initialized JPA EntityManagerFactory for persistence unit 'default'
2023-03-16T16:04:11.673+04:00  INFO 17036 --- [restartedMain] com.rouvsen.dto.BeanDto                  : Bean Initial Method, It will be run Before Initial Bean
2023-03-16T16:04:11.705+04:00  WARN 17036 --- [restartedMain] JpaBaseConfiguration$JpaWebConfiguration : spring.jpa.open-in-view is enabled by default. Therefore, database queries may be performed during view rendering. Explicitly configure spring.jpa.open-in-view to disable this warning
2023-03-16T16:04:11.878+04:00  INFO 17036 --- [restartedMain] o.s.b.a.w.s.WelcomePageHandlerMapping    : Adding welcome page template: index
2023-03-16T16:04:12.366+04:00  INFO 17036 --- [restartedMain] o.s.b.d.a.OptionalLiveReloadServer       : LiveReload server is running on port 35729
2023-03-16T16:04:12.372+04:00  INFO 17036 --- [restartedMain] o.s.b.a.e.web.EndpointLinksResolver      : Exposing 1 endpoint(s) beneath base path '/actuator'
2023-03-16T16:04:12.435+04:00  INFO 17036 --- [restartedMain] o.s.b.w.embedded.tomcat.TomcatWebServer  : Tomcat started on port(s): 8080 (http) with context path ''
2023-03-16T16:04:12.448+04:00  INFO 17036 --- [restartedMain] com.rouvsen.SpringBootApp2Application    : Started SpringBootApp2Application in 2.96 seconds (process running for 3.436)
2023-03-16T16:04:12.812+04:00  INFO 17036 --- [RMI TCP Connection(2)-127.0.0.1] o.a.c.c.C.[Tomcat].[localhost].[/]       : Initializing Spring DispatcherServlet 'dispatcherServlet'
2023-03-16T16:04:12.812+04:00  INFO 17036 --- [RMI TCP Connection(2)-127.0.0.1] o.s.web.servlet.DispatcherServlet        : Initializing Servlet 'dispatcherServlet'
2023-03-16T16:04:12.813+04:00  INFO 17036 --- [RMI TCP Connection(2)-127.0.0.1] o.s.web.servlet.DispatcherServlet        : Completed initialization in 1 ms
2023-03-16T16:04:17.378+04:00 ERROR 17036 --- [http-nio-8080-exec-1] com.rouvsen.controller.FormController    : Hata var ...
2023-03-16T16:04:23.791+04:00  INFO 17036 --- [http-nio-8080-exec-2] com.rouvsen.controller.FormController    : Success! TeacherDto(teacherId=null, teacherNameSurname=Rovshan, teacherEmail=roshfqwfqw@ads, teacherPassword=123456789)
2023-03-16T16:38:39.519+04:00  INFO 17036 --- [SpringApplicationShutdownHook] com.rouvsen.dto.BeanDto                  : Bean Destroy Method, It will be run After Destroy Bean
2023-03-16T16:38:39.519+04:00  INFO 17036 --- [SpringApplicationShutdownHook] j.LocalContainerEntityManagerFactoryBean : Closing JPA EntityManagerFactory for persistence unit 'default'
2023-03-16T16:38:39.522+04:00  INFO 17036 --- [SpringApplicationShutdownHook] com.zaxxer.hikari.HikariDataSource       : HikariPool-1 - Shutdown initiated...
2023-03-16T16:38:39.524+04:00  INFO 17036 --- [SpringApplicationShutdownHook] com.zaxxer.hikari.HikariDataSource       : HikariPool-1 - Shutdown completed.
2023-03-16T16:54:50.457+04:00  INFO 18878 --- [restartedMain] com.rouvsen.SpringBootApp2Application    : Starting SpringBootApp2Application using Java 17.0.6 with PID 18878 (/home/rovshan/Workspace/SpringBootApps/target/classes started by rovshan in /home/rovshan/Workspace/SpringBootApps)
2023-03-16T16:54:50.459+04:00  INFO 18878 --- [restartedMain] com.rouvsen.SpringBootApp2Application    : No active profile set, falling back to 1 default profile: "default"
2023-03-16T16:54:50.496+04:00  INFO 18878 --- [restartedMain] .e.DevToolsPropertyDefaultsPostProcessor : Devtools property defaults active! Set 'spring.devtools.add-properties' to 'false' to disable
2023-03-16T16:54:50.496+04:00  INFO 18878 --- [restartedMain] .e.DevToolsPropertyDefaultsPostProcessor : For additional web related logging consider setting the 'logging.level.web' property to 'DEBUG'
2023-03-16T16:54:50.923+04:00  WARN 18878 --- [restartedMain] ConfigServletWebServerApplicationContext : Exception encountered during context initialization - cancelling refresh attempt: org.springframework.beans.factory.support.BeanDefinitionOverrideException: Invalid bean definition with name 'modelMapperBean' defined in class path resource [com/rouvsen/bean/ModelMapperBean.class]: Cannot register bean definition [Root bean: class [null]; scope=; abstract=false; lazyInit=null; autowireMode=3; dependencyCheck=0; autowireCandidate=true; primary=false; factoryBeanName=modelMapperBean; factoryMethodName=modelMapperBean; initMethodNames=null; destroyMethodNames=[(inferred)]; defined in class path resource [com/rouvsen/bean/ModelMapperBean.class]] for bean 'modelMapperBean' since there is already [Generic bean: class [com.rouvsen.bean.ModelMapperBean]; scope=singleton; abstract=false; lazyInit=null; autowireMode=0; dependencyCheck=0; autowireCandidate=true; primary=false; factoryBeanName=null; factoryMethodName=null; initMethodNames=null; destroyMethodNames=null; defined in file [/home/rovshan/Workspace/SpringBootApps/target/classes/com/rouvsen/bean/ModelMapperBean.class]] bound.
2023-03-16T16:54:50.932+04:00  INFO 18878 --- [restartedMain] .s.b.a.l.ConditionEvaluationReportLogger : 

Error starting ApplicationContext. To display the condition evaluation report re-run your application with 'debug' enabled.
2023-03-16T16:54:50.944+04:00 ERROR 18878 --- [restartedMain] o.s.b.d.LoggingFailureAnalysisReporter   : 

***************************
APPLICATION FAILED TO START
***************************

Description:

The bean 'modelMapperBean', defined in class path resource [com/rouvsen/bean/ModelMapperBean.class], could not be registered. A bean with that name has already been defined in file [/home/rovshan/Workspace/SpringBootApps/target/classes/com/rouvsen/bean/ModelMapperBean.class] and overriding is disabled.

Action:

Consider renaming one of the beans or enabling overriding by setting spring.main.allow-bean-definition-overriding=true

2023-03-16T16:55:22.535+04:00  INFO 19025 --- [restartedMain] com.rouvsen.SpringBootApp2Application    : Starting SpringBootApp2Application using Java 17.0.6 with PID 19025 (/home/rovshan/Workspace/SpringBootApps/target/classes started by rovshan in /home/rovshan/Workspace/SpringBootApps)
2023-03-16T16:55:22.537+04:00  INFO 19025 --- [restartedMain] com.rouvsen.SpringBootApp2Application    : No active profile set, falling back to 1 default profile: "default"
2023-03-16T16:55:22.577+04:00  INFO 19025 --- [restartedMain] .e.DevToolsPropertyDefaultsPostProcessor : Devtools property defaults active! Set 'spring.devtools.add-properties' to 'false' to disable
2023-03-16T16:55:22.578+04:00  INFO 19025 --- [restartedMain] .e.DevToolsPropertyDefaultsPostProcessor : For additional web related logging consider setting the 'logging.level.web' property to 'DEBUG'
2023-03-16T16:55:22.992+04:00  WARN 19025 --- [restartedMain] ConfigServletWebServerApplicationContext : Exception encountered during context initialization - cancelling refresh attempt: org.springframework.beans.factory.support.BeanDefinitionOverrideException: Invalid bean definition with name 'modelMapperBean' defined in class path resource [com/rouvsen/bean/ModelMapperBean.class]: Cannot register bean definition [Root bean: class [null]; scope=; abstract=false; lazyInit=null; autowireMode=3; dependencyCheck=0; autowireCandidate=true; primary=false; factoryBeanName=modelMapperBean; factoryMethodName=modelMapperBean; initMethodNames=null; destroyMethodNames=[(inferred)]; defined in class path resource [com/rouvsen/bean/ModelMapperBean.class]] for bean 'modelMapperBean' since there is already [Generic bean: class [com.rouvsen.bean.ModelMapperBean]; scope=singleton; abstract=false; lazyInit=null; autowireMode=0; dependencyCheck=0; autowireCandidate=true; primary=false; factoryBeanName=null; factoryMethodName=null; initMethodNames=null; destroyMethodNames=null; defined in file [/home/rovshan/Workspace/SpringBootApps/target/classes/com/rouvsen/bean/ModelMapperBean.class]] bound.
2023-03-16T16:55:23.001+04:00  INFO 19025 --- [restartedMain] .s.b.a.l.ConditionEvaluationReportLogger : 

Error starting ApplicationContext. To display the condition evaluation report re-run your application with 'debug' enabled.
2023-03-16T16:55:23.013+04:00 ERROR 19025 --- [restartedMain] o.s.b.d.LoggingFailureAnalysisReporter   : 

***************************
APPLICATION FAILED TO START
***************************

Description:

The bean 'modelMapperBean', defined in class path resource [com/rouvsen/bean/ModelMapperBean.class], could not be registered. A bean with that name has already been defined in file [/home/rovshan/Workspace/SpringBootApps/target/classes/com/rouvsen/bean/ModelMapperBean.class] and overriding is disabled.

Action:

Consider renaming one of the beans or enabling overriding by setting spring.main.allow-bean-definition-overriding=true

2023-03-16T16:55:41.357+04:00  INFO 19142 --- [restartedMain] com.rouvsen.SpringBootApp2Application    : Starting SpringBootApp2Application using Java 17.0.6 with PID 19142 (/home/rovshan/Workspace/SpringBootApps/target/classes started by rovshan in /home/rovshan/Workspace/SpringBootApps)
2023-03-16T16:55:41.359+04:00  INFO 19142 --- [restartedMain] com.rouvsen.SpringBootApp2Application    : No active profile set, falling back to 1 default profile: "default"
2023-03-16T16:55:41.397+04:00  INFO 19142 --- [restartedMain] .e.DevToolsPropertyDefaultsPostProcessor : Devtools property defaults active! Set 'spring.devtools.add-properties' to 'false' to disable
2023-03-16T16:55:41.397+04:00  INFO 19142 --- [restartedMain] .e.DevToolsPropertyDefaultsPostProcessor : For additional web related logging consider setting the 'logging.level.web' property to 'DEBUG'
2023-03-16T16:55:41.810+04:00  WARN 19142 --- [restartedMain] ConfigServletWebServerApplicationContext : Exception encountered during context initialization - cancelling refresh attempt: org.springframework.beans.factory.support.BeanDefinitionOverrideException: Invalid bean definition with name 'passwordEncoderBean' defined in class path resource [com/rouvsen/bean/PasswordEncoderBean.class]: Cannot register bean definition [Root bean: class [null]; scope=; abstract=false; lazyInit=null; autowireMode=3; dependencyCheck=0; autowireCandidate=true; primary=false; factoryBeanName=passwordEncoderBean; factoryMethodName=passwordEncoderBean; initMethodNames=null; destroyMethodNames=[(inferred)]; defined in class path resource [com/rouvsen/bean/PasswordEncoderBean.class]] for bean 'passwordEncoderBean' since there is already [Generic bean: class [com.rouvsen.bean.PasswordEncoderBean]; scope=singleton; abstract=false; lazyInit=null; autowireMode=0; dependencyCheck=0; autowireCandidate=true; primary=false; factoryBeanName=null; factoryMethodName=null; initMethodNames=null; destroyMethodNames=null; defined in file [/home/rovshan/Workspace/SpringBootApps/target/classes/com/rouvsen/bean/PasswordEncoderBean.class]] bound.
2023-03-16T16:55:41.820+04:00  INFO 19142 --- [restartedMain] .s.b.a.l.ConditionEvaluationReportLogger : 

Error starting ApplicationContext. To display the condition evaluation report re-run your application with 'debug' enabled.
2023-03-16T16:55:41.833+04:00 ERROR 19142 --- [restartedMain] o.s.b.d.LoggingFailureAnalysisReporter   : 

***************************
APPLICATION FAILED TO START
***************************

Description:

The bean 'passwordEncoderBean', defined in class path resource [com/rouvsen/bean/PasswordEncoderBean.class], could not be registered. A bean with that name has already been defined in file [/home/rovshan/Workspace/SpringBootApps/target/classes/com/rouvsen/bean/PasswordEncoderBean.class] and overriding is disabled.

Action:

Consider renaming one of the beans or enabling overriding by setting spring.main.allow-bean-definition-overriding=true

2023-03-16T16:56:00.293+04:00  INFO 19230 --- [restartedMain] com.rouvsen.SpringBootApp2Application    : Starting SpringBootApp2Application using Java 17.0.6 with PID 19230 (/home/rovshan/Workspace/SpringBootApps/target/classes started by rovshan in /home/rovshan/Workspace/SpringBootApps)
2023-03-16T16:56:00.295+04:00  INFO 19230 --- [restartedMain] com.rouvsen.SpringBootApp2Application    : No active profile set, falling back to 1 default profile: "default"
2023-03-16T16:56:00.335+04:00  INFO 19230 --- [restartedMain] .e.DevToolsPropertyDefaultsPostProcessor : Devtools property defaults active! Set 'spring.devtools.add-properties' to 'false' to disable
2023-03-16T16:56:00.335+04:00  INFO 19230 --- [restartedMain] .e.DevToolsPropertyDefaultsPostProcessor : For additional web related logging consider setting the 'logging.level.web' property to 'DEBUG'
2023-03-16T16:56:00.951+04:00  INFO 19230 --- [restartedMain] .s.d.r.c.RepositoryConfigurationDelegate : Bootstrapping Spring Data JPA repositories in DEFAULT mode.
2023-03-16T16:56:00.963+04:00  INFO 19230 --- [restartedMain] .s.d.r.c.RepositoryConfigurationDelegate : Finished Spring Data repository scanning in 8 ms. Found 0 JPA repository interfaces.
2023-03-16T16:56:01.363+04:00  INFO 19230 --- [restartedMain] o.s.b.w.embedded.tomcat.TomcatWebServer  : Tomcat initialized with port(s): 8080 (http)
2023-03-16T16:56:01.370+04:00  INFO 19230 --- [restartedMain] o.apache.catalina.core.StandardService   : Starting service [Tomcat]
2023-03-16T16:56:01.370+04:00  INFO 19230 --- [restartedMain] o.apache.catalina.core.StandardEngine    : Starting Servlet engine: [Apache Tomcat/10.1.5]
2023-03-16T16:56:01.404+04:00  INFO 19230 --- [restartedMain] o.a.c.c.C.[Tomcat].[localhost].[/]       : Initializing Spring embedded WebApplicationContext
2023-03-16T16:56:01.404+04:00  INFO 19230 --- [restartedMain] w.s.c.ServletWebServerApplicationContext : Root WebApplicationContext: initialization completed in 1068 ms
2023-03-16T16:56:01.465+04:00  INFO 19230 --- [restartedMain] com.zaxxer.hikari.HikariDataSource       : HikariPool-1 - Starting...
2023-03-16T16:56:01.622+04:00  INFO 19230 --- [restartedMain] com.zaxxer.hikari.pool.HikariPool        : HikariPool-1 - Added connection conn0: url=jdbc:h2:file:./memory_persist/testdb user=ROOT
2023-03-16T16:56:01.624+04:00  INFO 19230 --- [restartedMain] com.zaxxer.hikari.HikariDataSource       : HikariPool-1 - Start completed.
2023-03-16T16:56:01.632+04:00  INFO 19230 --- [restartedMain] o.s.b.a.h2.H2ConsoleAutoConfiguration    : H2 console available at '/h2-console'. Database available at 'jdbc:h2:file:./memory_persist/testdb'
2023-03-16T16:56:01.728+04:00  INFO 19230 --- [restartedMain] o.hibernate.jpa.internal.util.LogHelper  : HHH000204: Processing PersistenceUnitInfo [name: default]
2023-03-16T16:56:01.754+04:00  INFO 19230 --- [restartedMain] org.hibernate.Version                    : HHH000412: Hibernate ORM core version 6.1.7.Final
2023-03-16T16:56:01.915+04:00  INFO 19230 --- [restartedMain] SQL dialect                              : HHH000400: Using dialect: org.hibernate.dialect.H2Dialect
2023-03-16T16:56:02.058+04:00  INFO 19230 --- [restartedMain] o.h.e.t.j.p.i.JtaPlatformInitiator       : HHH000490: Using JtaPlatform implementation: [org.hibernate.engine.transaction.jta.platform.internal.NoJtaPlatform]
2023-03-16T16:56:02.064+04:00  INFO 19230 --- [restartedMain] j.LocalContainerEntityManagerFactoryBean : Initialized JPA EntityManagerFactory for persistence unit 'default'
2023-03-16T16:56:02.113+04:00  WARN 19230 --- [restartedMain] JpaBaseConfiguration$JpaWebConfiguration : spring.jpa.open-in-view is enabled by default. Therefore, database queries may be performed during view rendering. Explicitly configure spring.jpa.open-in-view to disable this warning
2023-03-16T16:56:02.236+04:00  INFO 19230 --- [restartedMain] o.s.b.a.w.s.WelcomePageHandlerMapping    : Adding welcome page template: index
2023-03-16T16:56:02.608+04:00  WARN 19230 --- [restartedMain] .s.s.UserDetailsServiceAutoConfiguration : 

Using generated security password: 27cc67d7-3a5a-4483-8bbf-c25bbc161f70

This generated password is for development use only. Your security configuration must be updated before running your application in production.

2023-03-16T16:56:02.683+04:00  INFO 19230 --- [restartedMain] o.s.b.a.e.web.EndpointLinksResolver      : Exposing 1 endpoint(s) beneath base path '/actuator'
2023-03-16T16:56:02.696+04:00  INFO 19230 --- [restartedMain] o.s.s.web.DefaultSecurityFilterChain     : Will secure any request with [org.springframework.security.web.session.DisableEncodeUrlFilter@64ae73b3, org.springframework.security.web.context.request.async.WebAsyncManagerIntegrationFilter@32bb43d9, org.springframework.security.web.context.SecurityContextHolderFilter@c0b14d3, org.springframework.security.web.header.HeaderWriterFilter@773d7bc8, org.springframework.web.filter.CorsFilter@7377f8b8, org.springframework.security.web.csrf.CsrfFilter@34711425, org.springframework.security.web.authentication.logout.LogoutFilter@62262bbd, org.springframework.security.web.authentication.UsernamePasswordAuthenticationFilter@6f794c45, org.springframework.security.web.authentication.ui.DefaultLoginPageGeneratingFilter@6bee34c7, org.springframework.security.web.authentication.ui.DefaultLogoutPageGeneratingFilter@1299b618, org.springframework.security.web.authentication.www.BasicAuthenticationFilter@dbb6f10, org.springframework.security.web.savedrequest.RequestCacheAwareFilter@6cae4609, org.springframework.security.web.servletapi.SecurityContextHolderAwareRequestFilter@6b427ccd, org.springframework.security.web.authentication.AnonymousAuthenticationFilter@53d6c13, org.springframework.security.web.access.ExceptionTranslationFilter@48539a6, org.springframework.security.web.access.intercept.AuthorizationFilter@6d678a6c]
2023-03-16T16:56:02.753+04:00  INFO 19230 --- [restartedMain] o.s.b.d.a.OptionalLiveReloadServer       : LiveReload server is running on port 35729
2023-03-16T16:56:02.797+04:00  INFO 19230 --- [restartedMain] o.s.b.w.embedded.tomcat.TomcatWebServer  : Tomcat started on port(s): 8080 (http) with context path ''
2023-03-16T16:56:02.810+04:00  INFO 19230 --- [restartedMain] com.rouvsen.SpringBootApp2Application    : Started SpringBootApp2Application in 2.855 seconds (process running for 3.296)
2023-03-16T16:56:03.259+04:00  INFO 19230 --- [RMI TCP Connection(1)-127.0.0.1] o.a.c.c.C.[Tomcat].[localhost].[/]       : Initializing Spring DispatcherServlet 'dispatcherServlet'
2023-03-16T16:56:03.259+04:00  INFO 19230 --- [RMI TCP Connection(1)-127.0.0.1] o.s.web.servlet.DispatcherServlet        : Initializing Servlet 'dispatcherServlet'
2023-03-16T16:56:03.260+04:00  INFO 19230 --- [RMI TCP Connection(1)-127.0.0.1] o.s.web.servlet.DispatcherServlet        : Completed initialization in 1 ms
2023-03-16T16:58:08.556+04:00  WARN 19230 --- [http-nio-8080-exec-3] o.s.s.c.bcrypt.BCryptPasswordEncoder     : Encoded password does not look like BCrypt
2023-03-16T16:58:18.534+04:00  WARN 19230 --- [http-nio-8080-exec-5] o.s.s.c.bcrypt.BCryptPasswordEncoder     : Encoded password does not look like BCrypt
2023-03-16T16:59:09.470+04:00  INFO 19230 --- [SpringApplicationShutdownHook] j.LocalContainerEntityManagerFactoryBean : Closing JPA EntityManagerFactory for persistence unit 'default'
2023-03-16T16:59:09.472+04:00  INFO 19230 --- [SpringApplicationShutdownHook] com.zaxxer.hikari.HikariDataSource       : HikariPool-1 - Shutdown initiated...
2023-03-16T16:59:09.474+04:00  INFO 19230 --- [SpringApplicationShutdownHook] com.zaxxer.hikari.HikariDataSource       : HikariPool-1 - Shutdown completed.
2023-03-16T16:59:12.300+04:00  INFO 19531 --- [restartedMain] com.rouvsen.SpringBootApp2Application    : Starting SpringBootApp2Application using Java 17.0.6 with PID 19531 (/home/rovshan/Workspace/SpringBootApps/target/classes started by rovshan in /home/rovshan/Workspace/SpringBootApps)
2023-03-16T16:59:12.302+04:00  INFO 19531 --- [restartedMain] com.rouvsen.SpringBootApp2Application    : No active profile set, falling back to 1 default profile: "default"
2023-03-16T16:59:12.345+04:00  INFO 19531 --- [restartedMain] .e.DevToolsPropertyDefaultsPostProcessor : Devtools property defaults active! Set 'spring.devtools.add-properties' to 'false' to disable
2023-03-16T16:59:12.345+04:00  INFO 19531 --- [restartedMain] .e.DevToolsPropertyDefaultsPostProcessor : For additional web related logging consider setting the 'logging.level.web' property to 'DEBUG'
2023-03-16T16:59:12.968+04:00  INFO 19531 --- [restartedMain] .s.d.r.c.RepositoryConfigurationDelegate : Bootstrapping Spring Data JPA repositories in DEFAULT mode.
2023-03-16T16:59:12.981+04:00  INFO 19531 --- [restartedMain] .s.d.r.c.RepositoryConfigurationDelegate : Finished Spring Data repository scanning in 8 ms. Found 0 JPA repository interfaces.
2023-03-16T16:59:13.362+04:00  INFO 19531 --- [restartedMain] o.s.b.w.embedded.tomcat.TomcatWebServer  : Tomcat initialized with port(s): 8080 (http)
2023-03-16T16:59:13.368+04:00  INFO 19531 --- [restartedMain] o.apache.catalina.core.StandardService   : Starting service [Tomcat]
2023-03-16T16:59:13.369+04:00  INFO 19531 --- [restartedMain] o.apache.catalina.core.StandardEngine    : Starting Servlet engine: [Apache Tomcat/10.1.5]
2023-03-16T16:59:13.402+04:00  INFO 19531 --- [restartedMain] o.a.c.c.C.[Tomcat].[localhost].[/]       : Initializing Spring embedded WebApplicationContext
2023-03-16T16:59:13.402+04:00  INFO 19531 --- [restartedMain] w.s.c.ServletWebServerApplicationContext : Root WebApplicationContext: initialization completed in 1056 ms
2023-03-16T16:59:13.453+04:00  INFO 19531 --- [restartedMain] com.zaxxer.hikari.HikariDataSource       : HikariPool-1 - Starting...
2023-03-16T16:59:13.602+04:00  INFO 19531 --- [restartedMain] com.zaxxer.hikari.pool.HikariPool        : HikariPool-1 - Added connection conn0: url=jdbc:h2:file:./memory_persist/testdb user=ROOT
2023-03-16T16:59:13.604+04:00  INFO 19531 --- [restartedMain] com.zaxxer.hikari.HikariDataSource       : HikariPool-1 - Start completed.
2023-03-16T16:59:13.614+04:00  INFO 19531 --- [restartedMain] o.s.b.a.h2.H2ConsoleAutoConfiguration    : H2 console available at '/h2-console'. Database available at 'jdbc:h2:file:./memory_persist/testdb'
2023-03-16T16:59:13.720+04:00  INFO 19531 --- [restartedMain] o.hibernate.jpa.internal.util.LogHelper  : HHH000204: Processing PersistenceUnitInfo [name: default]
2023-03-16T16:59:13.748+04:00  INFO 19531 --- [restartedMain] org.hibernate.Version                    : HHH000412: Hibernate ORM core version 6.1.7.Final
2023-03-16T16:59:13.907+04:00  INFO 19531 --- [restartedMain] SQL dialect                              : HHH000400: Using dialect: org.hibernate.dialect.H2Dialect
2023-03-16T16:59:14.044+04:00  INFO 19531 --- [restartedMain] o.h.e.t.j.p.i.JtaPlatformInitiator       : HHH000490: Using JtaPlatform implementation: [org.hibernate.engine.transaction.jta.platform.internal.NoJtaPlatform]
2023-03-16T16:59:14.051+04:00  INFO 19531 --- [restartedMain] j.LocalContainerEntityManagerFactoryBean : Initialized JPA EntityManagerFactory for persistence unit 'default'
2023-03-16T16:59:14.097+04:00  WARN 19531 --- [restartedMain] JpaBaseConfiguration$JpaWebConfiguration : spring.jpa.open-in-view is enabled by default. Therefore, database queries may be performed during view rendering. Explicitly configure spring.jpa.open-in-view to disable this warning
2023-03-16T16:59:14.217+04:00  INFO 19531 --- [restartedMain] o.s.b.a.w.s.WelcomePageHandlerMapping    : Adding welcome page template: index
2023-03-16T16:59:14.598+04:00  WARN 19531 --- [restartedMain] .s.s.UserDetailsServiceAutoConfiguration : 

Using generated security password: 5cc3efdd-631a-4421-bf16-f1d487c55268

This generated password is for development use only. Your security configuration must be updated before running your application in production.

2023-03-16T16:59:14.657+04:00  INFO 19531 --- [restartedMain] o.s.b.a.e.web.EndpointLinksResolver      : Exposing 1 endpoint(s) beneath base path '/actuator'
2023-03-16T16:59:14.670+04:00  INFO 19531 --- [restartedMain] o.s.s.web.DefaultSecurityFilterChain     : Will secure any request with [org.springframework.security.web.session.DisableEncodeUrlFilter@21b47ddb, org.springframework.security.web.context.request.async.WebAsyncManagerIntegrationFilter@63466561, org.springframework.security.web.context.SecurityContextHolderFilter@28ae2e83, org.springframework.security.web.header.HeaderWriterFilter@37e0841f, org.springframework.web.filter.CorsFilter@1edd94f5, org.springframework.security.web.csrf.CsrfFilter@227b3745, org.springframework.security.web.authentication.logout.LogoutFilter@15f6346e, org.springframework.security.web.authentication.UsernamePasswordAuthenticationFilter@104b38bf, org.springframework.security.web.authentication.ui.DefaultLoginPageGeneratingFilter@11fb0548, org.springframework.security.web.authentication.ui.DefaultLogoutPageGeneratingFilter@210a9e7d, org.springframework.security.web.authentication.www.BasicAuthenticationFilter@4fd1ac20, org.springframework.security.web.savedrequest.RequestCacheAwareFilter@733dd5eb, org.springframework.security.web.servletapi.SecurityContextHolderAwareRequestFilter@24111ee0, org.springframework.security.web.authentication.AnonymousAuthenticationFilter@23d27522, org.springframework.security.web.access.ExceptionTranslationFilter@3a30d549, org.springframework.security.web.access.intercept.AuthorizationFilter@2c8a4687]
2023-03-16T16:59:14.722+04:00  INFO 19531 --- [restartedMain] o.s.b.d.a.OptionalLiveReloadServer       : LiveReload server is running on port 35729
2023-03-16T16:59:14.773+04:00  INFO 19531 --- [restartedMain] o.s.b.w.embedded.tomcat.TomcatWebServer  : Tomcat started on port(s): 8080 (http) with context path ''
2023-03-16T16:59:14.786+04:00  INFO 19531 --- [restartedMain] com.rouvsen.SpringBootApp2Application    : Started SpringBootApp2Application in 2.818 seconds (process running for 3.264)
2023-03-16T16:59:14.980+04:00  INFO 19531 --- [RMI TCP Connection(1)-127.0.0.1] o.a.c.c.C.[Tomcat].[localhost].[/]       : Initializing Spring DispatcherServlet 'dispatcherServlet'
2023-03-16T16:59:14.981+04:00  INFO 19531 --- [RMI TCP Connection(1)-127.0.0.1] o.s.web.servlet.DispatcherServlet        : Initializing Servlet 'dispatcherServlet'
2023-03-16T16:59:14.982+04:00  INFO 19531 --- [RMI TCP Connection(1)-127.0.0.1] o.s.web.servlet.DispatcherServlet        : Completed initialization in 1 ms
2023-03-16T17:04:25.278+04:00  INFO 19531 --- [SpringApplicationShutdownHook] j.LocalContainerEntityManagerFactoryBean : Closing JPA EntityManagerFactory for persistence unit 'default'
2023-03-16T17:04:25.280+04:00  INFO 19531 --- [SpringApplicationShutdownHook] com.zaxxer.hikari.HikariDataSource       : HikariPool-1 - Shutdown initiated...
2023-03-16T17:04:25.282+04:00  INFO 19531 --- [SpringApplicationShutdownHook] com.zaxxer.hikari.HikariDataSource       : HikariPool-1 - Shutdown completed.
2023-03-16T17:04:28.401+04:00  INFO 20096 --- [restartedMain] com.rouvsen.SpringBootApp2Application    : Starting SpringBootApp2Application using Java 17.0.6 with PID 20096 (/home/rovshan/Workspace/SpringBootApps/target/classes started by rovshan in /home/rovshan/Workspace/SpringBootApps)
2023-03-16T17:04:28.403+04:00  INFO 20096 --- [restartedMain] com.rouvsen.SpringBootApp2Application    : No active profile set, falling back to 1 default profile: "default"
2023-03-16T17:04:28.445+04:00  INFO 20096 --- [restartedMain] .e.DevToolsPropertyDefaultsPostProcessor : Devtools property defaults active! Set 'spring.devtools.add-properties' to 'false' to disable
2023-03-16T17:04:28.445+04:00  INFO 20096 --- [restartedMain] .e.DevToolsPropertyDefaultsPostProcessor : For additional web related logging consider setting the 'logging.level.web' property to 'DEBUG'
2023-03-16T17:04:29.081+04:00  INFO 20096 --- [restartedMain] .s.d.r.c.RepositoryConfigurationDelegate : Bootstrapping Spring Data JPA repositories in DEFAULT mode.
2023-03-16T17:04:29.095+04:00  INFO 20096 --- [restartedMain] .s.d.r.c.RepositoryConfigurationDelegate : Finished Spring Data repository scanning in 9 ms. Found 0 JPA repository interfaces.
2023-03-16T17:04:29.479+04:00  INFO 20096 --- [restartedMain] o.s.b.w.embedded.tomcat.TomcatWebServer  : Tomcat initialized with port(s): 8080 (http)
2023-03-16T17:04:29.485+04:00  INFO 20096 --- [restartedMain] o.apache.catalina.core.StandardService   : Starting service [Tomcat]
2023-03-16T17:04:29.486+04:00  INFO 20096 --- [restartedMain] o.apache.catalina.core.StandardEngine    : Starting Servlet engine: [Apache Tomcat/10.1.5]
2023-03-16T17:04:29.517+04:00  INFO 20096 --- [restartedMain] o.a.c.c.C.[Tomcat].[localhost].[/]       : Initializing Spring embedded WebApplicationContext
2023-03-16T17:04:29.517+04:00  INFO 20096 --- [restartedMain] w.s.c.ServletWebServerApplicationContext : Root WebApplicationContext: initialization completed in 1071 ms
2023-03-16T17:04:29.570+04:00  INFO 20096 --- [restartedMain] com.zaxxer.hikari.HikariDataSource       : HikariPool-1 - Starting...
2023-03-16T17:04:29.718+04:00  INFO 20096 --- [restartedMain] com.zaxxer.hikari.pool.HikariPool        : HikariPool-1 - Added connection conn0: url=jdbc:h2:file:./memory_persist/testdb user=ROOT
2023-03-16T17:04:29.725+04:00  INFO 20096 --- [restartedMain] com.zaxxer.hikari.HikariDataSource       : HikariPool-1 - Start completed.
2023-03-16T17:04:29.740+04:00  INFO 20096 --- [restartedMain] o.s.b.a.h2.H2ConsoleAutoConfiguration    : H2 console available at '/h2-console'. Database available at 'jdbc:h2:file:./memory_persist/testdb'
2023-03-16T17:04:29.849+04:00  INFO 20096 --- [restartedMain] o.hibernate.jpa.internal.util.LogHelper  : HHH000204: Processing PersistenceUnitInfo [name: default]
2023-03-16T17:04:29.877+04:00  INFO 20096 --- [restartedMain] org.hibernate.Version                    : HHH000412: Hibernate ORM core version 6.1.7.Final
2023-03-16T17:04:30.051+04:00  INFO 20096 --- [restartedMain] SQL dialect                              : HHH000400: Using dialect: org.hibernate.dialect.H2Dialect
2023-03-16T17:04:30.210+04:00  INFO 20096 --- [restartedMain] o.h.e.t.j.p.i.JtaPlatformInitiator       : HHH000490: Using JtaPlatform implementation: [org.hibernate.engine.transaction.jta.platform.internal.NoJtaPlatform]
2023-03-16T17:04:30.217+04:00  INFO 20096 --- [restartedMain] j.LocalContainerEntityManagerFactoryBean : Initialized JPA EntityManagerFactory for persistence unit 'default'
2023-03-16T17:04:30.267+04:00  WARN 20096 --- [restartedMain] JpaBaseConfiguration$JpaWebConfiguration : spring.jpa.open-in-view is enabled by default. Therefore, database queries may be performed during view rendering. Explicitly configure spring.jpa.open-in-view to disable this warning
2023-03-16T17:04:30.386+04:00  INFO 20096 --- [restartedMain] o.s.b.a.w.s.WelcomePageHandlerMapping    : Adding welcome page template: index
2023-03-16T17:04:30.812+04:00  INFO 20096 --- [restartedMain] o.s.b.d.a.OptionalLiveReloadServer       : LiveReload server is running on port 35729
2023-03-16T17:04:30.818+04:00  INFO 20096 --- [restartedMain] o.s.b.a.e.web.EndpointLinksResolver      : Exposing 1 endpoint(s) beneath base path '/actuator'
2023-03-16T17:04:30.880+04:00  INFO 20096 --- [restartedMain] o.s.b.w.embedded.tomcat.TomcatWebServer  : Tomcat started on port(s): 8080 (http) with context path ''
2023-03-16T17:04:30.894+04:00  INFO 20096 --- [restartedMain] com.rouvsen.SpringBootApp2Application    : Started SpringBootApp2Application in 2.834 seconds (process running for 3.32)
2023-03-16T17:04:31.036+04:00  INFO 20096 --- [RMI TCP Connection(2)-127.0.0.1] o.a.c.c.C.[Tomcat].[localhost].[/]       : Initializing Spring DispatcherServlet 'dispatcherServlet'
2023-03-16T17:04:31.037+04:00  INFO 20096 --- [RMI TCP Connection(2)-127.0.0.1] o.s.web.servlet.DispatcherServlet        : Initializing Servlet 'dispatcherServlet'
2023-03-16T17:04:31.039+04:00  INFO 20096 --- [RMI TCP Connection(2)-127.0.0.1] o.s.web.servlet.DispatcherServlet        : Completed initialization in 2 ms
2023-03-16T17:13:59.961+04:00  INFO 20096 --- [SpringApplicationShutdownHook] j.LocalContainerEntityManagerFactoryBean : Closing JPA EntityManagerFactory for persistence unit 'default'
2023-03-16T17:13:59.964+04:00  INFO 20096 --- [SpringApplicationShutdownHook] com.zaxxer.hikari.HikariDataSource       : HikariPool-1 - Shutdown initiated...
2023-03-16T17:13:59.966+04:00  INFO 20096 --- [SpringApplicationShutdownHook] com.zaxxer.hikari.HikariDataSource       : HikariPool-1 - Shutdown completed.
